TN:
SF:C:\Users\LENOVO\Angular-Cli\HolaMundo\src\polyfills.ts
FNF:0
FNH:0
LF:0
LH:0
BRF:0
BRH:0
end_of_record
TN:
SF:C:\Users\LENOVO\Angular-Cli\HolaMundo\src\test.ts
FNF:0
FNH:0
DA:6,1
DA:8,1
DA:10,1
LF:3
LH:3
BRF:0
BRH:0
end_of_record
TN:
SF:C:\Users\LENOVO\Angular-Cli\HolaMundo\src\app\app.component.ts
FN:1,(anonymous_0)
FN:8,(anonymous_1)
FN:9,AppComponent
FNF:3
FNH:2
FNDA:1,(anonymous_0)
FNDA:1,(anonymous_1)
FNDA:0,AppComponent
DA:1,1
DA:2,1
DA:3,1
DA:4,1
DA:5,1
DA:8,1
DA:10,0
DA:11,0
DA:12,0
DA:18,1
DA:25,1
LF:11
LH:8
BRDA:1,0,0,1
BRDA:1,0,1,0
BRDA:1,0,2,1
BRDA:2,1,0,1
BRDA:2,1,1,0
BRDA:2,2,0,0
BRDA:2,2,1,0
BRDA:3,3,0,0
BRDA:3,3,1,1
BRDA:3,4,0,1
BRDA:3,4,1,1
BRDA:4,5,0,1
BRDA:4,5,1,0
BRDA:4,6,0,1
BRDA:4,6,1,0
BRDA:4,7,0,1
BRDA:4,7,1,0
BRDA:4,8,0,0
BRDA:4,8,1,0
BRDA:5,9,0,1
BRDA:5,9,1,0
BRDA:5,9,2,0
BRF:22
BRH:10
end_of_record
TN:
SF:C:\Users\LENOVO\Angular-Cli\HolaMundo\src\app\convertidor\convertidor.component.ts
FN:1,(anonymous_0)
FN:7,(anonymous_1)
FN:11,(anonymous_2)
FN:12,ConvertidorComponent
FN:18,(anonymous_4)
FN:58,(anonymous_5)
FN:88,(anonymous_6)
FN:118,(anonymous_7)
FN:148,(anonymous_8)
FNF:9
FNH:9
FNDA:1,(anonymous_0)
FNDA:1,(anonymous_1)
FNDA:1,(anonymous_2)
FNDA:14,ConvertidorComponent
FNDA:6,(anonymous_4)
FNDA:7,(anonymous_5)
FNDA:7,(anonymous_6)
FNDA:3,(anonymous_7)
FNDA:3,(anonymous_8)
DA:1,1
DA:2,1
DA:3,1
DA:4,2
DA:5,1
DA:7,1
DA:8,1
DA:11,1
DA:13,14
DA:14,14
DA:15,14
DA:18,1
DA:19,6
DA:20,6
DA:22,1
DA:23,1
DA:24,1
DA:25,1
DA:27,2
DA:28,2
DA:29,2
DA:30,2
DA:31,2
DA:32,2
DA:34,1
DA:35,1
DA:36,1
DA:37,1
DA:38,1
DA:39,1
DA:40,1
DA:41,1
DA:43,1
DA:44,1
DA:45,1
DA:46,1
DA:47,1
DA:48,1
DA:49,1
DA:50,1
DA:51,1
DA:52,1
DA:54,1
DA:55,1
DA:58,1
DA:59,7
DA:60,6
DA:62,2
DA:63,2
DA:65,0
DA:66,0
DA:68,0
DA:69,0
DA:71,2
DA:72,2
DA:74,0
DA:75,0
DA:77,2
DA:78,2
DA:79,2
DA:80,3
DA:82,2
DA:86,7
DA:88,1
DA:89,7
DA:90,4
DA:92,1
DA:93,1
DA:95,1
DA:96,1
DA:98,0
DA:99,0
DA:101,0
DA:102,0
DA:104,0
DA:105,0
DA:107,2
DA:108,2
DA:109,2
DA:110,2
DA:112,2
DA:116,7
DA:118,1
DA:119,3
DA:120,3
DA:122,0
DA:123,0
DA:125,0
DA:126,0
DA:128,0
DA:129,0
DA:131,0
DA:132,0
DA:134,0
DA:135,0
DA:137,3
DA:138,3
DA:139,3
DA:140,3
DA:142,3
DA:146,3
DA:148,1
DA:149,3
DA:150,2
DA:152,1
DA:153,1
DA:155,0
DA:156,0
DA:158,0
DA:159,0
DA:161,1
DA:162,1
DA:164,0
DA:165,0
DA:167,0
DA:168,0
DA:169,0
DA:170,0
DA:172,0
DA:173,0
DA:177,3
DA:179,1
DA:186,1
LF:123
LH:89
BRDA:1,0,0,1
BRDA:1,0,1,0
BRDA:1,0,2,1
BRDA:2,1,0,1
BRDA:2,1,1,0
BRDA:2,2,0,0
BRDA:2,2,1,0
BRDA:3,3,0,0
BRDA:3,3,1,1
BRDA:3,4,0,1
BRDA:3,4,1,1
BRDA:4,5,0,2
BRDA:4,5,1,0
BRDA:4,6,0,2
BRDA:4,6,1,1
BRDA:4,7,0,2
BRDA:4,7,1,0
BRDA:4,8,0,0
BRDA:4,8,1,0
BRDA:5,9,0,1
BRDA:5,9,1,0
BRDA:5,9,2,0
BRDA:7,10,0,1
BRDA:7,10,1,0
BRDA:7,10,2,1
BRDA:8,11,0,1
BRDA:8,11,1,0
BRDA:8,12,0,1
BRDA:8,12,1,1
BRDA:20,13,0,1
BRDA:20,13,1,2
BRDA:20,13,2,1
BRDA:20,13,3,1
BRDA:20,13,4,1
BRDA:59,14,0,6
BRDA:59,14,1,1
BRDA:59,15,0,7
BRDA:59,15,1,6
BRDA:60,16,0,2
BRDA:60,16,1,0
BRDA:60,16,2,0
BRDA:60,16,3,2
BRDA:60,16,4,0
BRDA:60,16,5,2
BRDA:77,17,0,2
BRDA:77,17,1,0
BRDA:89,18,0,4
BRDA:89,18,1,3
BRDA:89,19,0,7
BRDA:89,19,1,4
BRDA:90,20,0,1
BRDA:90,20,1,1
BRDA:90,20,2,0
BRDA:90,20,3,0
BRDA:90,20,4,0
BRDA:90,20,5,2
BRDA:107,21,0,2
BRDA:107,21,1,0
BRDA:119,22,0,3
BRDA:119,22,1,0
BRDA:119,23,0,3
BRDA:119,23,1,3
BRDA:120,24,0,0
BRDA:120,24,1,0
BRDA:120,24,2,0
BRDA:120,24,3,0
BRDA:120,24,4,0
BRDA:120,24,5,3
BRDA:137,25,0,3
BRDA:137,25,1,0
BRDA:149,26,0,2
BRDA:149,26,1,1
BRDA:149,27,0,3
BRDA:149,27,1,2
BRDA:150,28,0,1
BRDA:150,28,1,0
BRDA:150,28,2,0
BRDA:150,28,3,1
BRDA:150,28,4,0
BRDA:150,28,5,0
BRDA:167,29,0,0
BRDA:167,29,1,0
BRF:82
BRH:48
end_of_record
